# JRE version: OpenJDK Runtime Environment Temurin-21.0.10+7 (21.0.10+7) (build 21.0.10+7-LTS)
# Java VM: OpenJDK 64-Bit Server VM Temurin-21.0.10+7 (21.0.10+7-LTS, mixed mode, sharing, tiered, compressed oops, compressed class ptrs, g1 gc, windows-amd64)
GC Precious Log:
 CardTable entry size: 512
 Card Set container configuration: InlinePtr #cards 5 size 8 Array Of Cards #cards 12 size 40 Howl #buckets 4 coarsen threshold 1843 Howl Bitmap #cards 512 size 80 coarsen threshold 460 Card regions per heap region 1 cards per card region 2048
 CPUs: 8 total, 8 available
 Memory: 8020M
 Large Page Support: Disabled
 NUMA Support: Disabled
 Compressed Oops: Enabled (32-bit)
 Heap Region Size: 1M
 Heap Min Capacity: 8M
 Heap Initial Capacity: 126M
 Heap Max Capacity: 2006M
 Pre-touch: Disabled
 Parallel Workers: 8
 Concurrent Workers: 2
 Concurrent Refinement Workers: 8
 Periodic GC: Disabled
Heap:
 garbage-first heap   total 52224K, used 40616K [0x0000000082a00000, 0x0000000100000000)
  region size 1024K, 21 young (21504K), 2 survivors (2048K)
 Metaspace       used 41723K, committed 42816K, reserved 1114112K
  class space    used 4533K, committed 4992K, reserved 1048576K
GC Heap History (20 events):
Event: 15.070 GC heap before
{Heap before GC invocations=2 (full 0):
 garbage-first heap   total 129024K, used 79400K [0x0000000082a00000, 0x0000000100000000)
  region size 1024K, 75 young (76800K), 3 survivors (3072K)
 Metaspace       used 16729K, committed 17344K, reserved 1114112K
  class space    used 1758K, committed 1984K, reserved 1048576K
}
Event: 15.076 GC heap after
{Heap after GC invocations=3 (full 0):
 garbage-first heap   total 129024K, used 12005K [0x0000000082a00000, 0x0000000100000000)
  region size 1024K, 9 young (9216K), 9 survivors (9216K)
 Metaspace       used 16729K, committed 17344K, reserved 1114112K
  class space    used 1758K, committed 1984K, reserved 1048576K
}
Event: 16.545 GC heap before
{Heap before GC invocations=3 (full 0):
 garbage-first heap   total 129024K, used 50917K [0x0000000082a00000, 0x0000000100000000)
  region size 1024K, 48 young (49152K), 9 survivors (9216K)
 Metaspace       used 20646K, committed 21504K, reserved 1114112K
  class space    used 2199K, committed 2560K, reserved 1048576K
}
Event: 16.553 GC heap after
{Heap after GC invocations=4 (full 0):
 garbage-first heap   total 129024K, used 13953K [0x0000000082a00000, 0x0000000100000000)
  region size 1024K, 3 young (3072K), 3 survivors (3072K)
 Metaspace       used 20646K, committed 21504K, reserved 1114112K
  class space    used 2199K, committed 2560K, reserved 1048576K
}
Event: 16.881 GC heap before
{Heap before GC invocations=5 (full 0):
 garbage-first heap   total 48128K, used 47745K [0x0000000082a00000, 0x0000000100000000)
  region size 1024K, 36 young (36864K), 3 survivors (3072K)
 Metaspace       used 24527K, committed 25344K, reserved 1114112K
  class space    used 2477K, committed 2816K, reserved 1048576K
}
Event: 16.883 GC heap after
{Heap after GC invocations=6 (full 0):
 garbage-first heap   total 52224K, used 14301K [0x0000000082a00000, 0x0000000100000000)
  region size 1024K, 4 young (4096K), 4 survivors (4096K)
 Metaspace       used 24527K, committed 25344K, reserved 1114112K
  class space    used 2477K, committed 2816K, reserved 1048576K
}
Event: 17.062 GC heap before
{Heap before GC invocations=6 (full 0):
 garbage-first heap   total 52224K, used 41949K [0x0000000082a00000, 0x0000000100000000)
  region size 1024K, 30 young (30720K), 4 survivors (4096K)
 Metaspace       used 26683K, committed 27584K, reserved 1114112K
  class space    used 2634K, committed 3008K, reserved 1048576K
}
Event: 17.064 GC heap after
{Heap after GC invocations=7 (full 0):
 garbage-first heap   total 52224K, used 16736K [0x0000000082a00000, 0x0000000100000000)
  region size 1024K, 2 young (2048K), 2 survivors (2048K)
 Metaspace       used 26683K, committed 27584K, reserved 1114112K
  class space    used 2634K, committed 3008K, reserved 1048576K
}
Event: 17.479 GC heap before
{Heap before GC invocations=7 (full 0):
 garbage-first heap   total 52224K, used 44384K [0x0000000082a00000, 0x0000000100000000)
  region size 1024K, 30 young (30720K), 2 survivors (2048K)
 Metaspace       used 30874K, committed 31936K, reserved 1114112K
  class space    used 3093K, committed 3520K, reserved 1048576K
}
Event: 17.481 GC heap after
{Heap after GC invocations=8 (full 0):
 garbage-first heap   total 52224K, used 18325K [0x0000000082a00000, 0x0000000100000000)
  region size 1024K, 4 young (4096K), 4 survivors (4096K)
 Metaspace       used 30874K, committed 31936K, reserved 1114112K
  class space    used 3093K, committed 3520K, reserved 1048576K
}
Event: 17.651 GC heap before
{Heap before GC invocations=8 (full 0):
 garbage-first heap   total 52224K, used 42901K [0x0000000082a00000, 0x0000000100000000)
  region size 1024K, 29 young (29696K), 4 survivors (4096K)
 Metaspace       used 33943K, committed 35136K, reserved 1114112K
  class space    used 3509K, committed 4032K, reserved 1048576K
}
Event: 17.656 GC heap after
{Heap after GC invocations=9 (full 0):
 garbage-first heap   total 52224K, used 20343K [0x0000000082a00000, 0x0000000100000000)
  region size 1024K, 3 young (3072K), 3 survivors (3072K)
 Metaspace       used 33943K, committed 35136K, reserved 1114112K
  class space    used 3509K, committed 4032K, reserved 1048576K
}
Event: 17.717 GC heap before
{Heap before GC invocations=9 (full 0):
 garbage-first heap   total 52224K, used 26487K [0x0000000082a00000, 0x0000000100000000)
  region size 1024K, 10 young (10240K), 3 survivors (3072K)
 Metaspace       used 34993K, committed 36160K, reserved 1114112K
  class space    used 3641K, committed 4096K, reserved 1048576K
}
Event: 17.719 GC heap after
{Heap after GC invocations=10 (full 0):
 garbage-first heap   total 52224K, used 20536K [0x0000000082a00000, 0x0000000100000000)
  region size 1024K, 3 young (3072K), 3 survivors (3072K)
 Metaspace       used 34993K, committed 36160K, reserved 1114112K
  class space    used 3641K, committed 4096K, reserved 1048576K
}
Event: 17.887 GC heap before
{Heap before GC invocations=11 (full 0):
 garbage-first heap   total 52224K, used 44088K [0x0000000082a00000, 0x0000000100000000)
  region size 1024K, 26 young (26624K), 3 survivors (3072K)
 Metaspace       used 36262K, committed 37440K, reserved 1114112K
  class space    used 3817K, committed 4288K, reserved 1048576K
}
Event: 17.890 GC heap after
{Heap after GC invocations=12 (full 0):
 garbage-first heap   total 52224K, used 22594K [0x0000000082a00000, 0x0000000100000000)
  region size 1024K, 3 young (3072K), 3 survivors (3072K)
 Metaspace       used 36262K, committed 37440K, reserved 1114112K
  class space    used 3817K, committed 4288K, reserved 1048576K
}
Event: 18.091 GC heap before
{Heap before GC invocations=12 (full 0):
 garbage-first heap   total 52224K, used 44098K [0x0000000082a00000, 0x0000000100000000)
  region size 1024K, 25 young (25600K), 3 survivors (3072K)
 Metaspace       used 37340K, committed 38464K, reserved 1114112K
  class space    used 3958K, committed 4416K, reserved 1048576K
}
Event: 18.093 GC heap after
{Heap after GC invocations=13 (full 0):
 garbage-first heap   total 52224K, used 21524K [0x0000000082a00000, 0x0000000100000000)
  region size 1024K, 2 young (2048K), 2 survivors (2048K)
 Metaspace       used 37340K, committed 38464K, reserved 1114112K
  class space    used 3958K, committed 4416K, reserved 1048576K
}
Event: 18.399 GC heap before
{Heap before GC invocations=13 (full 0):
 garbage-first heap   total 52224K, used 45076K [0x0000000082a00000, 0x0000000100000000)
  region size 1024K, 25 young (25600K), 2 survivors (2048K)
 Metaspace       used 39715K, committed 40832K, reserved 1114112K
  class space    used 4263K, committed 4736K, reserved 1048576K
}
Event: 18.401 GC heap after
{Heap after GC invocations=14 (full 0):
 garbage-first heap   total 52224K, used 22184K [0x0000000082a00000, 0x0000000100000000)
  region size 1024K, 2 young (2048K), 2 survivors (2048K)
 Metaspace       used 39715K, committed 40832K, reserved 1114112K
  class space    used 4263K, committed 4736K, reserved 1048576K
}

