# JRE version: Java(TM) SE Runtime Environment (25.0.1+8) (build 25.0.1+8-LTS-27)
# Java VM: Java HotSpot(TM) 64-Bit Server VM (25.0.1+8-LTS-27, mixed mode, sharing, tiered, compressed oops, compressed class ptrs, g1 gc, windows-amd64)
GC Precious Log:
 CardTable entry size: 512
 Card Set container configuration: InlinePtr #cards 5 size 8 Array Of Cards #cards 10 size 36 Howl #buckets 4 coarsen threshold 1843 Howl Bitmap #cards 512 size 80 coarsen threshold 460 Card regions per heap region 1 cards per card region 2048
 CPUs: 8 total, 8 available
 Memory: 8020M
 Large Page Support: Disabled
 NUMA Support: Disabled
 Compressed Oops: Enabled (32-bit)
 Heap Region Size: 1M
 Heap Min Capacity: 8M
 Heap Initial Capacity: 126M
 Heap Max Capacity: 2006M
 Pre-touch: Disabled
 Parallel Workers: 8
 Concurrent Workers: 2
 Concurrent Refinement Workers: 8
 Periodic GC: Disabled
Heap:
 garbage-first heap   total reserved 2054144K, committed 488448K, used 328491K [0x0000000082a00000, 0x0000000100000000)
  region size 1024K, 38 young (38912K), 2 survivors (2048K)
GC Heap Usage History (20 events):
Event: 2.153 {heap Before GC invocations=62 (full 0):
 garbage-first heap   total reserved 2054144K, committed 445440K, used 270538K [0x0000000082a00000, 0x0000000100000000)
  region size 1024K, 7 young (7168K), 1 survivors (1024K)
}
Event: 2.154 {heap After GC invocations=63 (full 0):
 garbage-first heap   total reserved 2054144K, committed 445440K, used 265422K [0x0000000082a00000, 0x0000000100000000)
  region size 1024K, 1 young (1024K), 1 survivors (1024K)
}
Event: 2.167 {heap Before GC invocations=64 (full 0):
 garbage-first heap   total reserved 2054144K, committed 447488K, used 267470K [0x0000000082a00000, 0x0000000100000000)
  region size 1024K, 3 young (3072K), 1 survivors (1024K)
}
Event: 2.168 {heap After GC invocations=65 (full 0):
 garbage-first heap   total reserved 2054144K, committed 447488K, used 266450K [0x0000000082a00000, 0x0000000100000000)
  region size 1024K, 1 young (1024K), 1 survivors (1024K)
}
Event: 2.180 {heap Before GC invocations=66 (full 0):
 garbage-first heap   total reserved 2054144K, committed 449536K, used 268498K [0x0000000082a00000, 0x0000000100000000)
  region size 1024K, 3 young (3072K), 1 survivors (1024K)
}
Event: 2.180 {heap After GC invocations=67 (full 0):
 garbage-first heap   total reserved 2054144K, committed 449536K, used 267486K [0x0000000082a00000, 0x0000000100000000)
  region size 1024K, 1 young (1024K), 1 survivors (1024K)
}
Event: 2.192 {heap Before GC invocations=68 (full 0):
 garbage-first heap   total reserved 2054144K, committed 450560K, used 269534K [0x0000000082a00000, 0x0000000100000000)
  region size 1024K, 3 young (3072K), 1 survivors (1024K)
}
Event: 2.193 {heap After GC invocations=69 (full 0):
 garbage-first heap   total reserved 2054144K, committed 450560K, used 268513K [0x0000000082a00000, 0x0000000100000000)
  region size 1024K, 1 young (1024K), 1 survivors (1024K)
}
Event: 2.204 {heap Before GC invocations=70 (full 0):
 garbage-first heap   total reserved 2054144K, committed 452608K, used 270561K [0x0000000082a00000, 0x0000000100000000)
  region size 1024K, 3 young (3072K), 1 survivors (1024K)
}
Event: 2.205 {heap After GC invocations=71 (full 0):
 garbage-first heap   total reserved 2054144K, committed 452608K, used 269546K [0x0000000082a00000, 0x0000000100000000)
  region size 1024K, 1 young (1024K), 1 survivors (1024K)
}
Event: 2.218 {heap Before GC invocations=72 (full 0):
 garbage-first heap   total reserved 2054144K, committed 454656K, used 271594K [0x0000000082a00000, 0x0000000100000000)
  region size 1024K, 3 young (3072K), 1 survivors (1024K)
}
Event: 2.219 {heap After GC invocations=73 (full 0):
 garbage-first heap   total reserved 2054144K, committed 454656K, used 270572K [0x0000000082a00000, 0x0000000100000000)
  region size 1024K, 1 young (1024K), 1 survivors (1024K)
}
Event: 2.232 {heap Before GC invocations=74 (full 0):
 garbage-first heap   total reserved 2054144K, committed 455680K, used 272620K [0x0000000082a00000, 0x0000000100000000)
  region size 1024K, 3 young (3072K), 1 survivors (1024K)
}
Event: 2.233 {heap After GC invocations=75 (full 0):
 garbage-first heap   total reserved 2054144K, committed 455680K, used 271606K [0x0000000082a00000, 0x0000000100000000)
  region size 1024K, 1 young (1024K), 1 survivors (1024K)
}
Event: 2.399 {heap Before GC invocations=76 (full 0):
 garbage-first heap   total reserved 2054144K, committed 457728K, used 278774K [0x0000000082a00000, 0x0000000100000000)
  region size 1024K, 8 young (8192K), 1 survivors (1024K)
}
Event: 2.401 {heap After GC invocations=77 (full 0):
 garbage-first heap   total reserved 2054144K, committed 457728K, used 273182K [0x0000000082a00000, 0x0000000100000000)
  region size 1024K, 1 young (1024K), 1 survivors (1024K)
}
Event: 2.412 {heap Before GC invocations=78 (full 0):
 garbage-first heap   total reserved 2054144K, committed 467968K, used 286494K [0x0000000082a00000, 0x0000000100000000)
  region size 1024K, 3 young (3072K), 1 survivors (1024K)
}
Event: 2.414 {heap After GC invocations=79 (full 0):
 garbage-first heap   total reserved 2054144K, committed 467968K, used 285478K [0x0000000082a00000, 0x0000000100000000)
  region size 1024K, 1 young (1024K), 1 survivors (1024K)
}
Event: 249.494 {heap Before GC invocations=80 (full 0):
 garbage-first heap   total reserved 2054144K, committed 488448K, used 448294K [0x0000000082a00000, 0x0000000100000000)
  region size 1024K, 154 young (157696K), 1 survivors (1024K)
}
Event: 249.497 {heap After GC invocations=81 (full 0):
 garbage-first heap   total reserved 2054144K, committed 488448K, used 292651K [0x0000000082a00000, 0x0000000100000000)
  region size 1024K, 2 young (2048K), 2 survivors (2048K)
}

