# JRE version: Java(TM) SE Runtime Environment (25.0.1+8) (build 25.0.1+8-LTS-27)
# Java VM: Java HotSpot(TM) 64-Bit Server VM (25.0.1+8-LTS-27, mixed mode, sharing, tiered, compressed oops, compressed class ptrs, g1 gc, windows-amd64)
GC Precious Log:
 CardTable entry size: 512
 Card Set container configuration: InlinePtr #cards 5 size 8 Array Of Cards #cards 10 size 36 Howl #buckets 4 coarsen threshold 1843 Howl Bitmap #cards 512 size 80 coarsen threshold 460 Card regions per heap region 1 cards per card region 2048
 CPUs: 8 total, 8 available
 Memory: 8020M
 Large Page Support: Disabled
 NUMA Support: Disabled
 Compressed Oops: Enabled (32-bit)
 Heap Region Size: 1M
 Heap Min Capacity: 8M
 Heap Initial Capacity: 126M
 Heap Max Capacity: 2006M
 Pre-touch: Disabled
 Parallel Workers: 8
 Concurrent Workers: 2
 Concurrent Refinement Workers: 8
 Periodic GC: Disabled
Heap:
 garbage-first heap   total reserved 2054144K, committed 368640K, used 219280K [0x0000000082a00000, 0x0000000100000000)
  region size 1024K, 1 young (1024K), 1 survivors (1024K)
GC Heap Usage History (20 events):
Event: 1.364 {heap After GC invocations=25 (full 0):
 garbage-first heap   total reserved 2054144K, committed 287744K, used 167964K [0x0000000082a00000, 0x0000000100000000)
  region size 1024K, 1 young (1024K), 1 survivors (1024K)
}
Event: 1.397 {heap Before GC invocations=26 (full 0):
 garbage-first heap   total reserved 2054144K, committed 290816K, used 178204K [0x0000000082a00000, 0x0000000100000000)
  region size 1024K, 7 young (7168K), 1 survivors (1024K)
}
Event: 1.398 {heap After GC invocations=27 (full 0):
 garbage-first heap   total reserved 2054144K, committed 290816K, used 173174K [0x0000000082a00000, 0x0000000100000000)
  region size 1024K, 1 young (1024K), 1 survivors (1024K)
}
Event: 1.426 {heap Before GC invocations=28 (full 0):
 garbage-first heap   total reserved 2054144K, committed 299008K, used 182390K [0x0000000082a00000, 0x0000000100000000)
  region size 1024K, 6 young (6144K), 1 survivors (1024K)
}
Event: 1.428 {heap After GC invocations=29 (full 0):
 garbage-first heap   total reserved 2054144K, committed 299008K, used 178276K [0x0000000082a00000, 0x0000000100000000)
  region size 1024K, 1 young (1024K), 1 survivors (1024K)
}
Event: 1.455 {heap Before GC invocations=30 (full 0):
 garbage-first heap   total reserved 2054144K, committed 309248K, used 187492K [0x0000000082a00000, 0x0000000100000000)
  region size 1024K, 6 young (6144K), 1 survivors (1024K)
}
Event: 1.457 {heap After GC invocations=31 (full 0):
 garbage-first heap   total reserved 2054144K, committed 309248K, used 183395K [0x0000000082a00000, 0x0000000100000000)
  region size 1024K, 1 young (1024K), 1 survivors (1024K)
}
Event: 1.484 {heap Before GC invocations=32 (full 0):
 garbage-first heap   total reserved 2054144K, committed 317440K, used 192611K [0x0000000082a00000, 0x0000000100000000)
  region size 1024K, 6 young (6144K), 1 survivors (1024K)
}
Event: 1.485 {heap After GC invocations=33 (full 0):
 garbage-first heap   total reserved 2054144K, committed 317440K, used 188523K [0x0000000082a00000, 0x0000000100000000)
  region size 1024K, 1 young (1024K), 1 survivors (1024K)
}
Event: 1.513 {heap Before GC invocations=34 (full 0):
 garbage-first heap   total reserved 2054144K, committed 326656K, used 197739K [0x0000000082a00000, 0x0000000100000000)
  region size 1024K, 6 young (6144K), 1 survivors (1024K)
}
Event: 1.515 {heap After GC invocations=35 (full 0):
 garbage-first heap   total reserved 2054144K, committed 326656K, used 193648K [0x0000000082a00000, 0x0000000100000000)
  region size 1024K, 1 young (1024K), 1 survivors (1024K)
}
Event: 1.543 {heap Before GC invocations=36 (full 0):
 garbage-first heap   total reserved 2054144K, committed 334848K, used 202864K [0x0000000082a00000, 0x0000000100000000)
  region size 1024K, 6 young (6144K), 1 survivors (1024K)
}
Event: 1.544 {heap After GC invocations=37 (full 0):
 garbage-first heap   total reserved 2054144K, committed 334848K, used 198773K [0x0000000082a00000, 0x0000000100000000)
  region size 1024K, 1 young (1024K), 1 survivors (1024K)
}
Event: 1.577 {heap Before GC invocations=38 (full 0):
 garbage-first heap   total reserved 2054144K, committed 343040K, used 209013K [0x0000000082a00000, 0x0000000100000000)
  region size 1024K, 7 young (7168K), 1 survivors (1024K)
}
Event: 1.578 {heap After GC invocations=39 (full 0):
 garbage-first heap   total reserved 2054144K, committed 343040K, used 203901K [0x0000000082a00000, 0x0000000100000000)
  region size 1024K, 1 young (1024K), 1 survivors (1024K)
}
Event: 1.607 {heap Before GC invocations=40 (full 0):
 garbage-first heap   total reserved 2054144K, committed 352256K, used 213117K [0x0000000082a00000, 0x0000000100000000)
  region size 1024K, 6 young (6144K), 1 survivors (1024K)
}
Event: 1.608 {heap After GC invocations=41 (full 0):
 garbage-first heap   total reserved 2054144K, committed 352256K, used 209025K [0x0000000082a00000, 0x0000000100000000)
  region size 1024K, 1 young (1024K), 1 survivors (1024K)
}
Event: 1.942 {heap Before GC invocations=42 (full 0):
 garbage-first heap   total reserved 2054144K, committed 360448K, used 218241K [0x0000000082a00000, 0x0000000100000000)
  region size 1024K, 6 young (6144K), 1 survivors (1024K)
}
Event: 1.944 {heap After GC invocations=43 (full 0):
 garbage-first heap   total reserved 2054144K, committed 360448K, used 214149K [0x0000000082a00000, 0x0000000100000000)
  region size 1024K, 1 young (1024K), 1 survivors (1024K)
}
Event: 3.020 {heap Before GC invocations=44 (full 0):
 garbage-first heap   total reserved 2054144K, committed 368640K, used 223365K [0x0000000082a00000, 0x0000000100000000)
  region size 1024K, 6 young (6144K), 1 survivors (1024K)
}

