# JRE version: OpenJDK Runtime Environment Temurin-21.0.10+7 (21.0.10+7) (build 21.0.10+7-LTS)
# Java VM: OpenJDK 64-Bit Server VM Temurin-21.0.10+7 (21.0.10+7-LTS, mixed mode, sharing, tiered, compressed oops, compressed class ptrs, g1 gc, windows-amd64)
GC Precious Log:
 CardTable entry size: 512
 Card Set container configuration: InlinePtr #cards 5 size 8 Array Of Cards #cards 12 size 40 Howl #buckets 4 coarsen threshold 1843 Howl Bitmap #cards 512 size 80 coarsen threshold 460 Card regions per heap region 1 cards per card region 2048
 CPUs: 8 total, 8 available
 Memory: 8020M
 Large Page Support: Disabled
 NUMA Support: Disabled
 Compressed Oops: Enabled (32-bit)
 Heap Region Size: 1M
 Heap Min Capacity: 8M
 Heap Initial Capacity: 126M
 Heap Max Capacity: 2006M
 Pre-touch: Disabled
 Parallel Workers: 8
 Concurrent Workers: 2
 Concurrent Refinement Workers: 8
 Periodic GC: Disabled
Heap:
 garbage-first heap   total 102400K, used 59643K [0x0000000082a00000, 0x0000000100000000)
  region size 1024K, 18 young (18432K), 7 survivors (7168K)
 Metaspace       used 59957K, committed 61376K, reserved 1114112K
  class space    used 6376K, committed 6976K, reserved 1048576K
GC Heap History (20 events):
Event: 11.583 GC heap before
{Heap before GC invocations=17 (full 0):
 garbage-first heap   total 53248K, used 48073K [0x0000000082a00000, 0x0000000100000000)
  region size 1024K, 25 young (25600K), 2 survivors (2048K)
 Metaspace       used 46663K, committed 47936K, reserved 1114112K
  class space    used 5080K, committed 5632K, reserved 1048576K
}
Event: 11.587 GC heap after
{Heap after GC invocations=18 (full 0):
 garbage-first heap   total 53248K, used 26540K [0x0000000082a00000, 0x0000000100000000)
  region size 1024K, 4 young (4096K), 4 survivors (4096K)
 Metaspace       used 46663K, committed 47936K, reserved 1114112K
  class space    used 5080K, committed 5632K, reserved 1048576K
}
Event: 11.696 GC heap before
{Heap before GC invocations=18 (full 0):
 garbage-first heap   total 53248K, used 48044K [0x0000000082a00000, 0x0000000100000000)
  region size 1024K, 25 young (25600K), 4 survivors (4096K)
 Metaspace       used 47076K, committed 48256K, reserved 1114112K
  class space    used 5141K, committed 5632K, reserved 1048576K
}
Event: 11.700 GC heap after
{Heap after GC invocations=19 (full 0):
 garbage-first heap   total 55296K, used 28753K [0x0000000082a00000, 0x0000000100000000)
  region size 1024K, 3 young (3072K), 3 survivors (3072K)
 Metaspace       used 47076K, committed 48256K, reserved 1114112K
  class space    used 5141K, committed 5632K, reserved 1048576K
}
Event: 11.749 GC heap before
{Heap before GC invocations=19 (full 0):
 garbage-first heap   total 55296K, used 49233K [0x0000000082a00000, 0x0000000100000000)
  region size 1024K, 23 young (23552K), 3 survivors (3072K)
 Metaspace       used 47082K, committed 48256K, reserved 1114112K
  class space    used 5141K, committed 5632K, reserved 1048576K
}
Event: 11.754 GC heap after
{Heap after GC invocations=20 (full 0):
 garbage-first heap   total 55296K, used 30778K [0x0000000082a00000, 0x0000000100000000)
  region size 1024K, 2 young (2048K), 2 survivors (2048K)
 Metaspace       used 47082K, committed 48256K, reserved 1114112K
  class space    used 5141K, committed 5632K, reserved 1048576K
}
Event: 11.840 GC heap before
{Heap before GC invocations=21 (full 0):
 garbage-first heap   total 55296K, used 49210K [0x0000000082a00000, 0x0000000100000000)
  region size 1024K, 20 young (20480K), 2 survivors (2048K)
 Metaspace       used 47072K, committed 48256K, reserved 1114112K
  class space    used 5135K, committed 5632K, reserved 1048576K
}
Event: 11.844 GC heap after
{Heap after GC invocations=22 (full 0):
 garbage-first heap   total 55296K, used 32566K [0x0000000082a00000, 0x0000000100000000)
  region size 1024K, 2 young (2048K), 2 survivors (2048K)
 Metaspace       used 47072K, committed 48256K, reserved 1114112K
  class space    used 5135K, committed 5632K, reserved 1048576K
}
Event: 11.888 GC heap before
{Heap before GC invocations=22 (full 0):
 garbage-first heap   total 55296K, used 49974K [0x0000000082a00000, 0x0000000100000000)
  region size 1024K, 19 young (19456K), 2 survivors (2048K)
 Metaspace       used 47076K, committed 48256K, reserved 1114112K
  class space    used 5135K, committed 5632K, reserved 1048576K
}
Event: 11.893 GC heap after
{Heap after GC invocations=23 (full 0):
 garbage-first heap   total 55296K, used 34103K [0x0000000082a00000, 0x0000000100000000)
  region size 1024K, 2 young (2048K), 2 survivors (2048K)
 Metaspace       used 47076K, committed 48256K, reserved 1114112K
  class space    used 5135K, committed 5632K, reserved 1048576K
}
Event: 11.952 GC heap before
{Heap before GC invocations=23 (full 0):
 garbage-first heap   total 55296K, used 49463K [0x0000000082a00000, 0x0000000100000000)
  region size 1024K, 18 young (18432K), 2 survivors (2048K)
 Metaspace       used 47110K, committed 48256K, reserved 1114112K
  class space    used 5138K, committed 5632K, reserved 1048576K
}
Event: 11.956 GC heap after
{Heap after GC invocations=24 (full 0):
 garbage-first heap   total 102400K, used 35944K [0x0000000082a00000, 0x0000000100000000)
  region size 1024K, 2 young (2048K), 2 survivors (2048K)
 Metaspace       used 47110K, committed 48256K, reserved 1114112K
  class space    used 5138K, committed 5632K, reserved 1048576K
}
Event: 12.474 GC heap before
{Heap before GC invocations=25 (full 0):
 garbage-first heap   total 102400K, used 89192K [0x0000000082a00000, 0x0000000100000000)
  region size 1024K, 55 young (56320K), 2 survivors (2048K)
 Metaspace       used 49699K, committed 50880K, reserved 1114112K
  class space    used 5385K, committed 5888K, reserved 1048576K
}
Event: 12.482 GC heap after
{Heap after GC invocations=26 (full 0):
 garbage-first heap   total 102400K, used 42711K [0x0000000082a00000, 0x0000000100000000)
  region size 1024K, 7 young (7168K), 7 survivors (7168K)
 Metaspace       used 49699K, committed 50880K, reserved 1114112K
  class space    used 5385K, committed 5888K, reserved 1048576K
}
Event: 12.855 GC heap before
{Heap before GC invocations=26 (full 0):
 garbage-first heap   total 102400K, used 88791K [0x0000000082a00000, 0x0000000100000000)
  region size 1024K, 52 young (53248K), 7 survivors (7168K)
 Metaspace       used 51423K, committed 52608K, reserved 1114112K
  class space    used 5552K, committed 6080K, reserved 1048576K
}
Event: 12.863 GC heap after
{Heap after GC invocations=27 (full 0):
 garbage-first heap   total 102400K, used 43329K [0x0000000082a00000, 0x0000000100000000)
  region size 1024K, 1 young (1024K), 1 survivors (1024K)
 Metaspace       used 51423K, committed 52608K, reserved 1114112K
  class space    used 5552K, committed 6080K, reserved 1048576K
}
Event: 14.189 GC heap before
{Heap before GC invocations=27 (full 0):
 garbage-first heap   total 102400K, used 89409K [0x0000000082a00000, 0x0000000100000000)
  region size 1024K, 47 young (48128K), 1 survivors (1024K)
 Metaspace       used 55199K, committed 56512K, reserved 1114112K
  class space    used 5938K, committed 6528K, reserved 1048576K
}
Event: 14.193 GC heap after
{Heap after GC invocations=28 (full 0):
 garbage-first heap   total 102400K, used 44011K [0x0000000082a00000, 0x0000000100000000)
  region size 1024K, 2 young (2048K), 2 survivors (2048K)
 Metaspace       used 55199K, committed 56512K, reserved 1114112K
  class space    used 5938K, committed 6528K, reserved 1048576K
}
Event: 15.527 GC heap before
{Heap before GC invocations=29 (full 0):
 garbage-first heap   total 102400K, used 91115K [0x0000000082a00000, 0x0000000100000000)
  region size 1024K, 49 young (50176K), 2 survivors (2048K)
 Metaspace       used 59211K, committed 60608K, reserved 1114112K
  class space    used 6333K, committed 6912K, reserved 1048576K
}
Event: 15.535 GC heap after
{Heap after GC invocations=30 (full 0):
 garbage-first heap   total 102400K, used 49403K [0x0000000082a00000, 0x0000000100000000)
  region size 1024K, 7 young (7168K), 7 survivors (7168K)
 Metaspace       used 59211K, committed 60608K, reserved 1114112K
  class space    used 6333K, committed 6912K, reserved 1048576K
}

