# JRE version: Java(TM) SE Runtime Environment (25.0.1+8) (build 25.0.1+8-LTS-27)
# Java VM: Java HotSpot(TM) 64-Bit Server VM (25.0.1+8-LTS-27, mixed mode, sharing, tiered, compressed oops, compressed class ptrs, g1 gc, windows-amd64)
GC Precious Log:
 CardTable entry size: 512
 Card Set container configuration: InlinePtr #cards 5 size 8 Array Of Cards #cards 10 size 36 Howl #buckets 4 coarsen threshold 1843 Howl Bitmap #cards 512 size 80 coarsen threshold 460 Card regions per heap region 1 cards per card region 2048
 CPUs: 8 total, 8 available
 Memory: 8020M
 Large Page Support: Disabled
 NUMA Support: Disabled
 Compressed Oops: Enabled (32-bit)
 Heap Region Size: 1M
 Heap Min Capacity: 8M
 Heap Initial Capacity: 126M
 Heap Max Capacity: 2006M
 Pre-touch: Disabled
 Parallel Workers: 8
 Concurrent Workers: 2
 Concurrent Refinement Workers: 8
 Periodic GC: Disabled
Heap:
 garbage-first heap   total reserved 2054144K, committed 438272K, used 211533K [0x0000000082a00000, 0x0000000100000000)
  region size 1024K, 1 young (1024K), 1 survivors (1024K)
GC Heap Usage History (20 events):
Event: 9.686 {heap After GC invocations=50 (full 0):
 garbage-first heap   total reserved 2054144K, committed 438272K, used 211402K [0x0000000082a00000, 0x0000000100000000)
  region size 1024K, 2 young (2048K), 2 survivors (2048K)
}
Event: 9.737 {heap Before GC invocations=51 (full 0):
 garbage-first heap   total reserved 2054144K, committed 438272K, used 266698K [0x0000000082a00000, 0x0000000100000000)
  region size 1024K, 52 young (53248K), 2 survivors (2048K)
}
Event: 9.739 {heap After GC invocations=52 (full 0):
 garbage-first heap   total reserved 2054144K, committed 438272K, used 211432K [0x0000000082a00000, 0x0000000100000000)
  region size 1024K, 2 young (2048K), 2 survivors (2048K)
}
Event: 10.655 {heap Before GC invocations=53 (full 0):
 garbage-first heap   total reserved 2054144K, committed 438272K, used 277992K [0x0000000082a00000, 0x0000000100000000)
  region size 1024K, 63 young (64512K), 2 survivors (2048K)
}
Event: 10.657 {heap After GC invocations=54 (full 0):
 garbage-first heap   total reserved 2054144K, committed 438272K, used 211411K [0x0000000082a00000, 0x0000000100000000)
  region size 1024K, 2 young (2048K), 2 survivors (2048K)
}
Event: 10.710 {heap Before GC invocations=55 (full 0):
 garbage-first heap   total reserved 2054144K, committed 438272K, used 266707K [0x0000000082a00000, 0x0000000100000000)
  region size 1024K, 52 young (53248K), 2 survivors (2048K)
}
Event: 10.712 {heap After GC invocations=56 (full 0):
 garbage-first heap   total reserved 2054144K, committed 438272K, used 211442K [0x0000000082a00000, 0x0000000100000000)
  region size 1024K, 2 young (2048K), 2 survivors (2048K)
}
Event: 10.761 {heap Before GC invocations=57 (full 0):
 garbage-first heap   total reserved 2054144K, committed 438272K, used 267762K [0x0000000082a00000, 0x0000000100000000)
  region size 1024K, 53 young (54272K), 2 survivors (2048K)
}
Event: 10.763 {heap After GC invocations=58 (full 0):
 garbage-first heap   total reserved 2054144K, committed 438272K, used 211474K [0x0000000082a00000, 0x0000000100000000)
  region size 1024K, 2 young (2048K), 2 survivors (2048K)
}
Event: 10.813 {heap Before GC invocations=59 (full 0):
 garbage-first heap   total reserved 2054144K, committed 438272K, used 266770K [0x0000000082a00000, 0x0000000100000000)
  region size 1024K, 52 young (53248K), 2 survivors (2048K)
}
Event: 10.815 {heap After GC invocations=60 (full 0):
 garbage-first heap   total reserved 2054144K, committed 438272K, used 211426K [0x0000000082a00000, 0x0000000100000000)
  region size 1024K, 2 young (2048K), 2 survivors (2048K)
}
Event: 10.864 {heap Before GC invocations=61 (full 0):
 garbage-first heap   total reserved 2054144K, committed 438272K, used 266722K [0x0000000082a00000, 0x0000000100000000)
  region size 1024K, 52 young (53248K), 2 survivors (2048K)
}
Event: 10.866 {heap After GC invocations=62 (full 0):
 garbage-first heap   total reserved 2054144K, committed 438272K, used 211407K [0x0000000082a00000, 0x0000000100000000)
  region size 1024K, 2 young (2048K), 2 survivors (2048K)
}
Event: 10.916 {heap Before GC invocations=63 (full 0):
 garbage-first heap   total reserved 2054144K, committed 438272K, used 266703K [0x0000000082a00000, 0x0000000100000000)
  region size 1024K, 52 young (53248K), 2 survivors (2048K)
}
Event: 10.918 {heap After GC invocations=64 (full 0):
 garbage-first heap   total reserved 2054144K, committed 438272K, used 211501K [0x0000000082a00000, 0x0000000100000000)
  region size 1024K, 1 young (1024K), 1 survivors (1024K)
}
Event: 10.969 {heap Before GC invocations=65 (full 0):
 garbage-first heap   total reserved 2054144K, committed 438272K, used 266797K [0x0000000082a00000, 0x0000000100000000)
  region size 1024K, 51 young (52224K), 1 survivors (1024K)
}
Event: 10.970 {heap After GC invocations=66 (full 0):
 garbage-first heap   total reserved 2054144K, committed 438272K, used 211526K [0x0000000082a00000, 0x0000000100000000)
  region size 1024K, 1 young (1024K), 1 survivors (1024K)
}
Event: 11.020 {heap Before GC invocations=67 (full 0):
 garbage-first heap   total reserved 2054144K, committed 438272K, used 266822K [0x0000000082a00000, 0x0000000100000000)
  region size 1024K, 51 young (52224K), 1 survivors (1024K)
}
Event: 11.022 {heap After GC invocations=68 (full 0):
 garbage-first heap   total reserved 2054144K, committed 438272K, used 211531K [0x0000000082a00000, 0x0000000100000000)
  region size 1024K, 1 young (1024K), 1 survivors (1024K)
}
Event: 11.072 {heap Before GC invocations=69 (full 0):
 garbage-first heap   total reserved 2054144K, committed 438272K, used 266827K [0x0000000082a00000, 0x0000000100000000)
  region size 1024K, 51 young (52224K), 1 survivors (1024K)
}

